# JRE version: OpenJDK Runtime Environment (Zulu 8.52.0.23-CA-win64) (8.0_282-b08) (build 1.8.0_282-b08)
# Java VM: OpenJDK 64-Bit Server VM (25.282-b08 mixed mode windows-amd64 compressed oops)
Heap:
 PSYoungGen      total 67072K, used 31819K [0x00000000d5580000, 0x00000000daa80000, 0x0000000100000000)
  eden space 59392K, 41% used [0x00000000d5580000,0x00000000d6d84f10,0x00000000d8f80000)
  from space 7680K, 94% used [0x00000000d8f80000,0x00000000d968e058,0x00000000d9700000)
  to   space 8192K, 0% used [0x00000000da280000,0x00000000da280000,0x00000000daa80000)
 ParOldGen       total 68096K, used 12723K [0x0000000080000000, 0x0000000084280000, 0x00000000d5580000)
  object space 68096K, 18% used [0x0000000080000000,0x0000000080c6cd58,0x0000000084280000)
 Metaspace       used 31229K, capacity 32198K, committed 32384K, reserved 1077248K
  class space    used 3861K, capacity 4129K, committed 4224K, reserved 1048576K
GC Heap History (10 events):
Event: 4.372 GC heap before
{Heap before GC invocations=10 (full 0):
 PSYoungGen      total 38912K, used 31016K [0x00000000d5580000, 0x00000000d9480000, 0x0000000100000000)
  eden space 30720K, 83% used [0x00000000d5580000,0x00000000d6eac230,0x00000000d7380000)
  from space 8192K, 63% used [0x00000000d7380000,0x00000000d789e090,0x00000000d7b80000)
  to   space 7680K, 0% used [0x00000000d8d00000,0x00000000d8d00000,0x00000000d9480000)
 ParOldGen       total 87552K, used 7920K [0x0000000080000000, 0x0000000085580000, 0x00000000d5580000)
  object space 87552K, 9% used [0x0000000080000000,0x00000000807bc250,0x0000000085580000)
 Metaspace       used 20842K, capacity 21146K, committed 21248K, reserved 1069056K
  class space    used 2340K, capacity 2493K, committed 2560K, reserved 1048576K
Event: 4.377 GC heap after
Heap after GC invocations=10 (full 0):
 PSYoungGen      total 56832K, used 4729K [0x00000000d5580000, 0x00000000d9480000, 0x0000000100000000)
  eden space 49152K, 0% used [0x00000000d5580000,0x00000000d5580000,0x00000000d8580000)
  from space 7680K, 61% used [0x00000000d8d00000,0x00000000d919e6b0,0x00000000d9480000)
  to   space 7680K, 0% used [0x00000000d8580000,0x00000000d8580000,0x00000000d8d00000)
 ParOldGen       total 87552K, used 9602K [0x0000000080000000, 0x0000000085580000, 0x00000000d5580000)
  object space 87552K, 10% used [0x0000000080000000,0x0000000080960ac0,0x0000000085580000)
 Metaspace       used 20842K, capacity 21146K, committed 21248K, reserved 1069056K
  class space    used 2340K, capacity 2493K, committed 2560K, reserved 1048576K
}
Event: 4.377 GC heap before
{Heap before GC invocations=11 (full 1):
 PSYoungGen      total 56832K, used 4729K [0x00000000d5580000, 0x00000000d9480000, 0x0000000100000000)
  eden space 49152K, 0% used [0x00000000d5580000,0x00000000d5580000,0x00000000d8580000)
  from space 7680K, 61% used [0x00000000d8d00000,0x00000000d919e6b0,0x00000000d9480000)
  to   space 7680K, 0% used [0x00000000d8580000,0x00000000d8580000,0x00000000d8d00000)
 ParOldGen       total 87552K, used 9602K [0x0000000080000000, 0x0000000085580000, 0x00000000d5580000)
  object space 87552K, 10% used [0x0000000080000000,0x0000000080960ac0,0x0000000085580000)
 Metaspace       used 20842K, capacity 21146K, committed 21248K, reserved 1069056K
  class space    used 2340K, capacity 2493K, committed 2560K, reserved 1048576K
Event: 4.454 GC heap after
Heap after GC invocations=11 (full 1):
 PSYoungGen      total 56832K, used 0K [0x00000000d5580000, 0x00000000d9480000, 0x0000000100000000)
  eden space 49152K, 0% used [0x00000000d5580000,0x00000000d5580000,0x00000000d8580000)
  from space 7680K, 0% used [0x00000000d8d00000,0x00000000d8d00000,0x00000000d9480000)
  to   space 7680K, 0% used [0x00000000d8580000,0x00000000d8580000,0x00000000d8d00000)
 ParOldGen       total 68096K, used 12699K [0x0000000080000000, 0x0000000084280000, 0x00000000d5580000)
  object space 68096K, 18% used [0x0000000080000000,0x0000000080c66d58,0x0000000084280000)
 Metaspace       used 20842K, capacity 21146K, committed 21248K, reserved 1069056K
  class space    used 2340K, capacity 2493K, committed 2560K, reserved 1048576K
}
Event: 5.149 GC heap before
{Heap before GC invocations=12 (full 1):
 PSYoungGen      total 56832K, used 49152K [0x00000000d5580000, 0x00000000d9480000, 0x0000000100000000)
  eden space 49152K, 100% used [0x00000000d5580000,0x00000000d8580000,0x00000000d8580000)
  from space 7680K, 0% used [0x00000000d8d00000,0x00000000d8d00000,0x00000000d9480000)
  to   space 7680K, 0% used [0x00000000d8580000,0x00000000d8580000,0x00000000d8d00000)
 ParOldGen       total 68096K, used 12699K [0x0000000080000000, 0x0000000084280000, 0x00000000d5580000)
  object space 68096K, 18% used [0x0000000080000000,0x0000000080c66d58,0x0000000084280000)
 Metaspace       used 22563K, capacity 22976K, committed 23040K, reserved 1069056K
  class space    used 2629K, capacity 2782K, committed 2816K, reserved 1048576K
Event: 5.152 GC heap after
Heap after GC invocations=12 (full 1):
 PSYoungGen      total 56832K, used 2266K [0x00000000d5580000, 0x00000000da000000, 0x0000000100000000)
  eden space 49152K, 0% used [0x00000000d5580000,0x00000000d5580000,0x00000000d8580000)
  from space 7680K, 29% used [0x00000000d8580000,0x00000000d87b68f0,0x00000000d8d00000)
  to   space 7680K, 0% used [0x00000000d9880000,0x00000000d9880000,0x00000000da000000)
 ParOldGen       total 68096K, used 12707K [0x0000000080000000, 0x0000000084280000, 0x00000000d5580000)
  object space 68096K, 18% used [0x0000000080000000,0x0000000080c68d58,0x0000000084280000)
 Metaspace       used 22563K, capacity 22976K, committed 23040K, reserved 1069056K
  class space    used 2629K, capacity 2782K, committed 2816K, reserved 1048576K
}
Event: 6.823 GC heap before
{Heap before GC invocations=13 (full 1):
 PSYoungGen      total 56832K, used 51418K [0x00000000d5580000, 0x00000000da000000, 0x0000000100000000)
  eden space 49152K, 100% used [0x00000000d5580000,0x00000000d8580000,0x00000000d8580000)
  from space 7680K, 29% used [0x00000000d8580000,0x00000000d87b68f0,0x00000000d8d00000)
  to   space 7680K, 0% used [0x00000000d9880000,0x00000000d9880000,0x00000000da000000)
 ParOldGen       total 68096K, used 12707K [0x0000000080000000, 0x0000000084280000, 0x00000000d5580000)
  object space 68096K, 18% used [0x0000000080000000,0x0000000080c68d58,0x0000000084280000)
 Metaspace       used 24781K, capacity 25164K, committed 25472K, reserved 1071104K
  class space    used 2963K, capacity 3105K, committed 3200K, reserved 1048576K
Event: 6.828 GC heap after
Heap after GC invocations=13 (full 1):
 PSYoungGen      total 65536K, used 3773K [0x00000000d5580000, 0x00000000d9e80000, 0x0000000100000000)
  eden space 59392K, 0% used [0x00000000d5580000,0x00000000d5580000,0x00000000d8f80000)
  from space 6144K, 61% used [0x00000000d9880000,0x00000000d9c2f608,0x00000000d9e80000)
  to   space 7680K, 0% used [0x00000000d8f80000,0x00000000d8f80000,0x00000000d9700000)
 ParOldGen       total 68096K, used 12715K [0x0000000080000000, 0x0000000084280000, 0x00000000d5580000)
  object space 68096K, 18% used [0x0000000080000000,0x0000000080c6ad58,0x0000000084280000)
 Metaspace       used 24781K, capacity 25164K, committed 25472K, reserved 1071104K
  class space    used 2963K, capacity 3105K, committed 3200K, reserved 1048576K
}
Event: 8.438 GC heap before
{Heap before GC invocations=14 (full 1):
 PSYoungGen      total 65536K, used 63165K [0x00000000d5580000, 0x00000000d9e80000, 0x0000000100000000)
  eden space 59392K, 100% used [0x00000000d5580000,0x00000000d8f80000,0x00000000d8f80000)
  from space 6144K, 61% used [0x00000000d9880000,0x00000000d9c2f608,0x00000000d9e80000)
  to   space 7680K, 0% used [0x00000000d8f80000,0x00000000d8f80000,0x00000000d9700000)
 ParOldGen       total 68096K, used 12715K [0x0000000080000000, 0x0000000084280000, 0x00000000d5580000)
  object space 68096K, 18% used [0x0000000080000000,0x0000000080c6ad58,0x0000000084280000)
 Metaspace       used 29723K, capacity 30574K, committed 30848K, reserved 1077248K
  class space    used 3667K, capacity 3937K, committed 3968K, reserved 1048576K
Event: 8.446 GC heap after
Heap after GC invocations=14 (full 1):
 PSYoungGen      total 67072K, used 7224K [0x00000000d5580000, 0x00000000daa80000, 0x0000000100000000)
  eden space 59392K, 0% used [0x00000000d5580000,0x00000000d5580000,0x00000000d8f80000)
  from space 7680K, 94% used [0x00000000d8f80000,0x00000000d968e058,0x00000000d9700000)
  to   space 8192K, 0% used [0x00000000da280000,0x00000000da280000,0x00000000daa80000)
 ParOldGen       total 68096K, used 12723K [0x0000000080000000, 0x0000000084280000, 0x00000000d5580000)
  object space 68096K, 18% used [0x0000000080000000,0x0000000080c6cd58,0x0000000084280000)
 Metaspace       used 29723K, capacity 30574K, committed 30848K, reserved 1077248K
  class space    used 3667K, capacity 3937K, committed 3968K, reserved 1048576K
}

