# JRE version: OpenJDK Runtime Environment (Zulu 8.52.0.23-CA-win64) (8.0_282-b08) (build 1.8.0_282-b08)
# Java VM: OpenJDK 64-Bit Server VM (25.282-b08 mixed mode windows-amd64 compressed oops)
Heap:
 PSYoungGen      total 71680K, used 29031K [0x00000000d5580000, 0x00000000dba00000, 0x0000000100000000)
  eden space 61952K, 31% used [0x00000000d5580000,0x00000000d685c9f8,0x00000000d9200000)
  from space 9728K, 99% used [0x00000000d9200000,0x00000000d9b7d5c0,0x00000000d9b80000)
  to   space 12288K, 0% used [0x00000000dae00000,0x00000000dae00000,0x00000000dba00000)
 ParOldGen       total 62464K, used 13770K [0x0000000080000000, 0x0000000083d00000, 0x00000000d5580000)
  object space 62464K, 22% used [0x0000000080000000,0x0000000080d72aa0,0x0000000083d00000)
 Metaspace       used 32874K, capacity 33772K, committed 33920K, reserved 1079296K
  class space    used 3984K, capacity 4223K, committed 4224K, reserved 1048576K
GC Heap History (10 events):
Event: 6.497 GC heap before
{Heap before GC invocations=12 (full 1):
 PSYoungGen      total 41984K, used 41895K [0x00000000d5580000, 0x00000000d9000000, 0x0000000100000000)
  eden space 39424K, 100% used [0x00000000d5580000,0x00000000d7c00000,0x00000000d7c00000)
  from space 2560K, 96% used [0x00000000d8d80000,0x00000000d8fe9d90,0x00000000d9000000)
  to   space 8192K, 0% used [0x00000000d8000000,0x00000000d8000000,0x00000000d8800000)
 ParOldGen       total 62464K, used 9147K [0x0000000080000000, 0x0000000083d00000, 0x00000000d5580000)
  object space 62464K, 14% used [0x0000000080000000,0x00000000808eef68,0x0000000083d00000)
 Metaspace       used 25271K, capacity 25672K, committed 25984K, reserved 1073152K
  class space    used 2887K, capacity 3073K, committed 3200K, reserved 1048576K
Event: 6.502 GC heap after
Heap after GC invocations=12 (full 1):
 PSYoungGen      total 51712K, used 4892K [0x00000000d5580000, 0x00000000d9600000, 0x0000000100000000)
  eden space 43520K, 0% used [0x00000000d5580000,0x00000000d5580000,0x00000000d8000000)
  from space 8192K, 59% used [0x00000000d8000000,0x00000000d84c7138,0x00000000d8800000)
  to   space 8192K, 0% used [0x00000000d8e00000,0x00000000d8e00000,0x00000000d9600000)
 ParOldGen       total 62464K, used 9155K [0x0000000080000000, 0x0000000083d00000, 0x00000000d5580000)
  object space 62464K, 14% used [0x0000000080000000,0x00000000808f0f68,0x0000000083d00000)
 Metaspace       used 25271K, capacity 25672K, committed 25984K, reserved 1073152K
  class space    used 2887K, capacity 3073K, committed 3200K, reserved 1048576K
}
Event: 6.824 GC heap before
{Heap before GC invocations=13 (full 1):
 PSYoungGen      total 51712K, used 48412K [0x00000000d5580000, 0x00000000d9600000, 0x0000000100000000)
  eden space 43520K, 100% used [0x00000000d5580000,0x00000000d8000000,0x00000000d8000000)
  from space 8192K, 59% used [0x00000000d8000000,0x00000000d84c7138,0x00000000d8800000)
  to   space 8192K, 0% used [0x00000000d8e00000,0x00000000d8e00000,0x00000000d9600000)
 ParOldGen       total 62464K, used 9155K [0x0000000080000000, 0x0000000083d00000, 0x00000000d5580000)
  object space 62464K, 14% used [0x0000000080000000,0x00000000808f0f68,0x0000000083d00000)
 Metaspace       used 25478K, capacity 25864K, committed 26240K, reserved 1073152K
  class space    used 2893K, capacity 3073K, committed 3200K, reserved 1048576K
Event: 6.827 GC heap after
Heap after GC invocations=13 (full 1):
 PSYoungGen      total 58368K, used 4018K [0x00000000d5580000, 0x00000000d9980000, 0x0000000100000000)
  eden space 50176K, 0% used [0x00000000d5580000,0x00000000d5580000,0x00000000d8680000)
  from space 8192K, 49% used [0x00000000d8e00000,0x00000000d91ecac0,0x00000000d9600000)
  to   space 7680K, 0% used [0x00000000d8680000,0x00000000d8680000,0x00000000d8e00000)
 ParOldGen       total 62464K, used 9163K [0x0000000080000000, 0x0000000083d00000, 0x00000000d5580000)
  object space 62464K, 14% used [0x0000000080000000,0x00000000808f2f68,0x0000000083d00000)
 Metaspace       used 25478K, capacity 25864K, committed 26240K, reserved 1073152K
  class space    used 2893K, capacity 3073K, committed 3200K, reserved 1048576K
}
Event: 7.168 GC heap before
{Heap before GC invocations=14 (full 1):
 PSYoungGen      total 58368K, used 54194K [0x00000000d5580000, 0x00000000d9980000, 0x0000000100000000)
  eden space 50176K, 100% used [0x00000000d5580000,0x00000000d8680000,0x00000000d8680000)
  from space 8192K, 49% used [0x00000000d8e00000,0x00000000d91ecac0,0x00000000d9600000)
  to   space 7680K, 0% used [0x00000000d8680000,0x00000000d8680000,0x00000000d8e00000)
 ParOldGen       total 62464K, used 9163K [0x0000000080000000, 0x0000000083d00000, 0x00000000d5580000)
  object space 62464K, 14% used [0x0000000080000000,0x00000000808f2f68,0x0000000083d00000)
 Metaspace       used 25682K, capacity 26082K, committed 26496K, reserved 1073152K
  class space    used 2911K, capacity 3079K, committed 3200K, reserved 1048576K
Event: 7.173 GC heap after
Heap after GC invocations=14 (full 1):
 PSYoungGen      total 57856K, used 6691K [0x00000000d5580000, 0x00000000da380000, 0x0000000100000000)
  eden space 50176K, 0% used [0x00000000d5580000,0x00000000d5580000,0x00000000d8680000)
  from space 7680K, 87% used [0x00000000d8680000,0x00000000d8d08e50,0x00000000d8e00000)
  to   space 8192K, 0% used [0x00000000d9b80000,0x00000000d9b80000,0x00000000da380000)
 ParOldGen       total 62464K, used 9171K [0x0000000080000000, 0x0000000083d00000, 0x00000000d5580000)
  object space 62464K, 14% used [0x0000000080000000,0x00000000808f4f68,0x0000000083d00000)
 Metaspace       used 25682K, capacity 26082K, committed 26496K, reserved 1073152K
  class space    used 2911K, capacity 3079K, committed 3200K, reserved 1048576K
}
Event: 7.661 GC heap before
{Heap before GC invocations=15 (full 1):
 PSYoungGen      total 57856K, used 56867K [0x00000000d5580000, 0x00000000da380000, 0x0000000100000000)
  eden space 50176K, 100% used [0x00000000d5580000,0x00000000d8680000,0x00000000d8680000)
  from space 7680K, 87% used [0x00000000d8680000,0x00000000d8d08e50,0x00000000d8e00000)
  to   space 8192K, 0% used [0x00000000d9b80000,0x00000000d9b80000,0x00000000da380000)
 ParOldGen       total 62464K, used 9171K [0x0000000080000000, 0x0000000083d00000, 0x00000000d5580000)
  object space 62464K, 14% used [0x0000000080000000,0x00000000808f4f68,0x0000000083d00000)
 Metaspace       used 27240K, capacity 27700K, committed 28032K, reserved 1073152K
  class space    used 3173K, capacity 3340K, committed 3456K, reserved 1048576K
Event: 7.670 GC heap after
Heap after GC invocations=15 (full 1):
 PSYoungGen      total 70144K, used 8163K [0x00000000d5580000, 0x00000000da800000, 0x0000000100000000)
  eden space 61952K, 0% used [0x00000000d5580000,0x00000000d5580000,0x00000000d9200000)
  from space 8192K, 99% used [0x00000000d9b80000,0x00000000da378e50,0x00000000da380000)
  to   space 9728K, 0% used [0x00000000d9200000,0x00000000d9200000,0x00000000d9b80000)
 ParOldGen       total 62464K, used 10413K [0x0000000080000000, 0x0000000083d00000, 0x00000000d5580000)
  object space 62464K, 16% used [0x0000000080000000,0x0000000080a2b5e0,0x0000000083d00000)
 Metaspace       used 27240K, capacity 27700K, committed 28032K, reserved 1073152K
  class space    used 3173K, capacity 3340K, committed 3456K, reserved 1048576K
}
Event: 11.124 GC heap before
{Heap before GC invocations=16 (full 1):
 PSYoungGen      total 70144K, used 70115K [0x00000000d5580000, 0x00000000da800000, 0x0000000100000000)
  eden space 61952K, 100% used [0x00000000d5580000,0x00000000d9200000,0x00000000d9200000)
  from space 8192K, 99% used [0x00000000d9b80000,0x00000000da378e50,0x00000000da380000)
  to   space 9728K, 0% used [0x00000000d9200000,0x00000000d9200000,0x00000000d9b80000)
 ParOldGen       total 62464K, used 10413K [0x0000000080000000, 0x0000000083d00000, 0x00000000d5580000)
  object space 62464K, 16% used [0x0000000080000000,0x0000000080a2b5e0,0x0000000083d00000)
 Metaspace       used 32720K, capacity 33624K, committed 33664K, reserved 1079296K
  class space    used 3966K, capacity 4216K, committed 4224K, reserved 1048576K
Event: 11.136 GC heap after
Heap after GC invocations=16 (full 1):
 PSYoungGen      total 71680K, used 9717K [0x00000000d5580000, 0x00000000dba00000, 0x0000000100000000)
  eden space 61952K, 0% used [0x00000000d5580000,0x00000000d5580000,0x00000000d9200000)
  from space 9728K, 99% used [0x00000000d9200000,0x00000000d9b7d5c0,0x00000000d9b80000)
  to   space 12288K, 0% used [0x00000000dae00000,0x00000000dae00000,0x00000000dba00000)
 ParOldGen       total 62464K, used 13770K [0x0000000080000000, 0x0000000083d00000, 0x00000000d5580000)
  object space 62464K, 22% used [0x0000000080000000,0x0000000080d72aa0,0x0000000083d00000)
 Metaspace       used 32720K, capacity 33624K, committed 33664K, reserved 1079296K
  class space    used 3966K, capacity 4216K, committed 4224K, reserved 1048576K
}

