# JRE version: OpenJDK Runtime Environment (Zulu 8.52.0.23-CA-win64) (8.0_282-b08) (build 1.8.0_282-b08)
# Java VM: OpenJDK 64-Bit Server VM (25.282-b08 mixed mode windows-amd64 compressed oops)
Heap:
 PSYoungGen      total 72192K, used 10671K [0x00000000d5580000, 0x00000000da380000, 0x0000000100000000)
  eden space 64512K, 10% used [0x00000000d5580000,0x00000000d5c63500,0x00000000d9480000)
  from space 7680K, 47% used [0x00000000d9c00000,0x00000000d9f88a48,0x00000000da380000)
  to   space 7680K, 0% used [0x00000000d9480000,0x00000000d9480000,0x00000000d9c00000)
 ParOldGen       total 66560K, used 12927K [0x0000000080000000, 0x0000000084100000, 0x00000000d5580000)
  object space 66560K, 19% used [0x0000000080000000,0x0000000080c9fe90,0x0000000084100000)
 Metaspace       used 23430K, capacity 23846K, committed 23936K, reserved 1071104K
  class space    used 2728K, capacity 2880K, committed 2944K, reserved 1048576K
GC Heap History (10 events):
Event: 4.361 GC heap before
{Heap before GC invocations=7 (full 0):
 PSYoungGen      total 39424K, used 39346K [0x00000000d5580000, 0x00000000d8400000, 0x0000000100000000)
  eden space 32256K, 100% used [0x00000000d5580000,0x00000000d7500000,0x00000000d7500000)
  from space 7168K, 98% used [0x00000000d7c80000,0x00000000d836c928,0x00000000d8380000)
  to   space 7680K, 0% used [0x00000000d7500000,0x00000000d7500000,0x00000000d7c80000)
 ParOldGen       total 87552K, used 2004K [0x0000000080000000, 0x0000000085580000, 0x00000000d5580000)
  object space 87552K, 2% used [0x0000000080000000,0x00000000801f51b0,0x0000000085580000)
 Metaspace       used 19131K, capacity 19372K, committed 19712K, reserved 1067008K
  class space    used 2129K, capacity 2244K, committed 2304K, reserved 1048576K
Event: 4.369 GC heap after
Heap after GC invocations=7 (full 0):
 PSYoungGen      total 39936K, used 4284K [0x00000000d5580000, 0x00000000da380000, 0x0000000100000000)
  eden space 32256K, 0% used [0x00000000d5580000,0x00000000d5580000,0x00000000d7500000)
  from space 7680K, 55% used [0x00000000d7500000,0x00000000d792f258,0x00000000d7c80000)
  to   space 7680K, 0% used [0x00000000d9c00000,0x00000000d9c00000,0x00000000da380000)
 ParOldGen       total 87552K, used 5367K [0x0000000080000000, 0x0000000085580000, 0x00000000d5580000)
  object space 87552K, 6% used [0x0000000080000000,0x000000008053df98,0x0000000085580000)
 Metaspace       used 19131K, capacity 19372K, committed 19712K, reserved 1067008K
  class space    used 2129K, capacity 2244K, committed 2304K, reserved 1048576K
}
Event: 4.792 GC heap before
{Heap before GC invocations=8 (full 0):
 PSYoungGen      total 39936K, used 36540K [0x00000000d5580000, 0x00000000da380000, 0x0000000100000000)
  eden space 32256K, 100% used [0x00000000d5580000,0x00000000d7500000,0x00000000d7500000)
  from space 7680K, 55% used [0x00000000d7500000,0x00000000d792f258,0x00000000d7c80000)
  to   space 7680K, 0% used [0x00000000d9c00000,0x00000000d9c00000,0x00000000da380000)
 ParOldGen       total 87552K, used 5367K [0x0000000080000000, 0x0000000085580000, 0x00000000d5580000)
  object space 87552K, 6% used [0x0000000080000000,0x000000008053df98,0x0000000085580000)
 Metaspace       used 20117K, capacity 20336K, committed 20608K, reserved 1067008K
  class space    used 2234K, capacity 2328K, committed 2432K, reserved 1048576K
Event: 4.798 GC heap after
Heap after GC invocations=8 (full 0):
 PSYoungGen      total 72192K, used 3915K [0x00000000d5580000, 0x00000000da380000, 0x0000000100000000)
  eden space 64512K, 0% used [0x00000000d5580000,0x00000000d5580000,0x00000000d9480000)
  from space 7680K, 50% used [0x00000000d9c00000,0x00000000d9fd2cd0,0x00000000da380000)
  to   space 7680K, 0% used [0x00000000d9480000,0x00000000d9480000,0x00000000d9c00000)
 ParOldGen       total 87552K, used 5947K [0x0000000080000000, 0x0000000085580000, 0x00000000d5580000)
  object space 87552K, 6% used [0x0000000080000000,0x00000000805cefa8,0x0000000085580000)
 Metaspace       used 20117K, capacity 20336K, committed 20608K, reserved 1067008K
  class space    used 2234K, capacity 2328K, committed 2432K, reserved 1048576K
}
Event: 5.458 GC heap before
{Heap before GC invocations=9 (full 0):
 PSYoungGen      total 72192K, used 59279K [0x00000000d5580000, 0x00000000da380000, 0x0000000100000000)
  eden space 64512K, 85% used [0x00000000d5580000,0x00000000d8b91218,0x00000000d9480000)
  from space 7680K, 50% used [0x00000000d9c00000,0x00000000d9fd2cd0,0x00000000da380000)
  to   space 7680K, 0% used [0x00000000d9480000,0x00000000d9480000,0x00000000d9c00000)
 ParOldGen       total 87552K, used 5947K [0x0000000080000000, 0x0000000085580000, 0x00000000d5580000)
  object space 87552K, 6% used [0x0000000080000000,0x00000000805cefa8,0x0000000085580000)
 Metaspace       used 20838K, capacity 21146K, committed 21248K, reserved 1069056K
  class space    used 2340K, capacity 2493K, committed 2560K, reserved 1048576K
Event: 5.465 GC heap after
Heap after GC invocations=9 (full 0):
 PSYoungGen      total 72192K, used 6569K [0x00000000d5580000, 0x00000000da380000, 0x0000000100000000)
  eden space 64512K, 0% used [0x00000000d5580000,0x00000000d5580000,0x00000000d9480000)
  from space 7680K, 85% used [0x00000000d9480000,0x00000000d9aea5c8,0x00000000d9c00000)
  to   space 7680K, 0% used [0x00000000d9c00000,0x00000000d9c00000,0x00000000da380000)
 ParOldGen       total 87552K, used 7752K [0x0000000080000000, 0x0000000085580000, 0x00000000d5580000)
  object space 87552K, 8% used [0x0000000080000000,0x00000000807923d0,0x0000000085580000)
 Metaspace       used 20838K, capacity 21146K, committed 21248K, reserved 1069056K
  class space    used 2340K, capacity 2493K, committed 2560K, reserved 1048576K
}
Event: 5.465 GC heap before
{Heap before GC invocations=10 (full 1):
 PSYoungGen      total 72192K, used 6569K [0x00000000d5580000, 0x00000000da380000, 0x0000000100000000)
  eden space 64512K, 0% used [0x00000000d5580000,0x00000000d5580000,0x00000000d9480000)
  from space 7680K, 85% used [0x00000000d9480000,0x00000000d9aea5c8,0x00000000d9c00000)
  to   space 7680K, 0% used [0x00000000d9c00000,0x00000000d9c00000,0x00000000da380000)
 ParOldGen       total 87552K, used 7752K [0x0000000080000000, 0x0000000085580000, 0x00000000d5580000)
  object space 87552K, 8% used [0x0000000080000000,0x00000000807923d0,0x0000000085580000)
 Metaspace       used 20838K, capacity 21146K, committed 21248K, reserved 1069056K
  class space    used 2340K, capacity 2493K, committed 2560K, reserved 1048576K
Event: 5.528 GC heap after
Heap after GC invocations=10 (full 1):
 PSYoungGen      total 72192K, used 0K [0x00000000d5580000, 0x00000000da380000, 0x0000000100000000)
  eden space 64512K, 0% used [0x00000000d5580000,0x00000000d5580000,0x00000000d9480000)
  from space 7680K, 0% used [0x00000000d9480000,0x00000000d9480000,0x00000000d9c00000)
  to   space 7680K, 0% used [0x00000000d9c00000,0x00000000d9c00000,0x00000000da380000)
 ParOldGen       total 66560K, used 12919K [0x0000000080000000, 0x0000000084100000, 0x00000000d5580000)
  object space 66560K, 19% used [0x0000000080000000,0x0000000080c9de90,0x0000000084100000)
 Metaspace       used 20838K, capacity 21146K, committed 21248K, reserved 1069056K
  class space    used 2340K, capacity 2493K, committed 2560K, reserved 1048576K
}
Event: 7.947 GC heap before
{Heap before GC invocations=11 (full 1):
 PSYoungGen      total 72192K, used 64512K [0x00000000d5580000, 0x00000000da380000, 0x0000000100000000)
  eden space 64512K, 100% used [0x00000000d5580000,0x00000000d9480000,0x00000000d9480000)
  from space 7680K, 0% used [0x00000000d9480000,0x00000000d9480000,0x00000000d9c00000)
  to   space 7680K, 0% used [0x00000000d9c00000,0x00000000d9c00000,0x00000000da380000)
 ParOldGen       total 66560K, used 12919K [0x0000000080000000, 0x0000000084100000, 0x00000000d5580000)
  object space 66560K, 19% used [0x0000000080000000,0x0000000080c9de90,0x0000000084100000)
 Metaspace       used 23355K, capacity 23782K, committed 23936K, reserved 1071104K
  class space    used 2715K, capacity 2880K, committed 2944K, reserved 1048576K
Event: 7.952 GC heap after
Heap after GC invocations=11 (full 1):
 PSYoungGen      total 72192K, used 3618K [0x00000000d5580000, 0x00000000da380000, 0x0000000100000000)
  eden space 64512K, 0% used [0x00000000d5580000,0x00000000d5580000,0x00000000d9480000)
  from space 7680K, 47% used [0x00000000d9c00000,0x00000000d9f88a48,0x00000000da380000)
  to   space 7680K, 0% used [0x00000000d9480000,0x00000000d9480000,0x00000000d9c00000)
 ParOldGen       total 66560K, used 12927K [0x0000000080000000, 0x0000000084100000, 0x00000000d5580000)
  object space 66560K, 19% used [0x0000000080000000,0x0000000080c9fe90,0x0000000084100000)
 Metaspace       used 23355K, capacity 23782K, committed 23936K, reserved 1071104K
  class space    used 2715K, capacity 2880K, committed 2944K, reserved 1048576K
}

