# JRE version: OpenJDK Runtime Environment (Zulu 8.52.0.23-CA-win64) (8.0_282-b08) (build 1.8.0_282-b08)
# Java VM: OpenJDK 64-Bit Server VM (25.282-b08 mixed mode windows-amd64 compressed oops)
Heap:
 PSYoungGen      total 97280K, used 47780K [0x00000000d5580000, 0x00000000dc180000, 0x0000000100000000)
  eden space 89600K, 45% used [0x00000000d5580000,0x00000000d7cecdc8,0x00000000dad00000)
  from space 7680K, 96% used [0x00000000db500000,0x00000000dbc3c3c0,0x00000000dbc80000)
  to   space 5120K, 0% used [0x00000000dbc80000,0x00000000dbc80000,0x00000000dc180000)
 ParOldGen       total 70656K, used 12963K [0x0000000080000000, 0x0000000084500000, 0x00000000d5580000)
  object space 70656K, 18% used [0x0000000080000000,0x0000000080ca8ec8,0x0000000084500000)
 Metaspace       used 31182K, capacity 32068K, committed 32384K, reserved 1077248K
  class space    used 3860K, capacity 4127K, committed 4224K, reserved 1048576K
GC Heap History (10 events):
Event: 3.857 GC heap before
{Heap before GC invocations=8 (full 0):
 PSYoungGen      total 39936K, used 35900K [0x00000000d5580000, 0x00000000da380000, 0x0000000100000000)
  eden space 31744K, 100% used [0x00000000d5580000,0x00000000d7480000,0x00000000d7480000)
  from space 8192K, 50% used [0x00000000d7480000,0x00000000d788f248,0x00000000d7c80000)
  to   space 8192K, 0% used [0x00000000d9b80000,0x00000000d9b80000,0x00000000da380000)
 ParOldGen       total 87552K, used 5611K [0x0000000080000000, 0x0000000085580000, 0x00000000d5580000)
  object space 87552K, 6% used [0x0000000080000000,0x000000008057ac28,0x0000000085580000)
 Metaspace       used 20071K, capacity 20336K, committed 20608K, reserved 1067008K
  class space    used 2236K, capacity 2328K, committed 2432K, reserved 1048576K
Event: 3.860 GC heap after
Heap after GC invocations=8 (full 0):
 PSYoungGen      total 71680K, used 3828K [0x00000000d5580000, 0x00000000da380000, 0x0000000100000000)
  eden space 63488K, 0% used [0x00000000d5580000,0x00000000d5580000,0x00000000d9380000)
  from space 8192K, 46% used [0x00000000d9b80000,0x00000000d9f3d350,0x00000000da380000)
  to   space 8192K, 0% used [0x00000000d9380000,0x00000000d9380000,0x00000000d9b80000)
 ParOldGen       total 87552K, used 6263K [0x0000000080000000, 0x0000000085580000, 0x00000000d5580000)
  object space 87552K, 7% used [0x0000000080000000,0x000000008061dc80,0x0000000085580000)
 Metaspace       used 20071K, capacity 20336K, committed 20608K, reserved 1067008K
  class space    used 2236K, capacity 2328K, committed 2432K, reserved 1048576K
}
Event: 4.443 GC heap before
{Heap before GC invocations=9 (full 0):
 PSYoungGen      total 71680K, used 60776K [0x00000000d5580000, 0x00000000da380000, 0x0000000100000000)
  eden space 63488K, 89% used [0x00000000d5580000,0x00000000d8d1ce90,0x00000000d9380000)
  from space 8192K, 46% used [0x00000000d9b80000,0x00000000d9f3d350,0x00000000da380000)
  to   space 8192K, 0% used [0x00000000d9380000,0x00000000d9380000,0x00000000d9b80000)
 ParOldGen       total 87552K, used 6263K [0x0000000080000000, 0x0000000085580000, 0x00000000d5580000)
  object space 87552K, 7% used [0x0000000080000000,0x000000008061dc80,0x0000000085580000)
 Metaspace       used 20853K, capacity 21146K, committed 21248K, reserved 1069056K
  class space    used 2349K, capacity 2493K, committed 2560K, reserved 1048576K
Event: 4.450 GC heap after
Heap after GC invocations=9 (full 0):
 PSYoungGen      total 71680K, used 6626K [0x00000000d5580000, 0x00000000dc900000, 0x0000000100000000)
  eden space 63488K, 0% used [0x00000000d5580000,0x00000000d5580000,0x00000000d9380000)
  from space 8192K, 80% used [0x00000000d9380000,0x00000000d99f8860,0x00000000d9b80000)
  to   space 8192K, 0% used [0x00000000dc100000,0x00000000dc100000,0x00000000dc900000)
 ParOldGen       total 87552K, used 8026K [0x0000000080000000, 0x0000000085580000, 0x00000000d5580000)
  object space 87552K, 9% used [0x0000000080000000,0x00000000807d6ad0,0x0000000085580000)
 Metaspace       used 20853K, capacity 21146K, committed 21248K, reserved 1069056K
  class space    used 2349K, capacity 2493K, committed 2560K, reserved 1048576K
}
Event: 4.450 GC heap before
{Heap before GC invocations=10 (full 1):
 PSYoungGen      total 71680K, used 6626K [0x00000000d5580000, 0x00000000dc900000, 0x0000000100000000)
  eden space 63488K, 0% used [0x00000000d5580000,0x00000000d5580000,0x00000000d9380000)
  from space 8192K, 80% used [0x00000000d9380000,0x00000000d99f8860,0x00000000d9b80000)
  to   space 8192K, 0% used [0x00000000dc100000,0x00000000dc100000,0x00000000dc900000)
 ParOldGen       total 87552K, used 8026K [0x0000000080000000, 0x0000000085580000, 0x00000000d5580000)
  object space 87552K, 9% used [0x0000000080000000,0x00000000807d6ad0,0x0000000085580000)
 Metaspace       used 20853K, capacity 21146K, committed 21248K, reserved 1069056K
  class space    used 2349K, capacity 2493K, committed 2560K, reserved 1048576K
Event: 4.533 GC heap after
Heap after GC invocations=10 (full 1):
 PSYoungGen      total 71680K, used 0K [0x00000000d5580000, 0x00000000dc900000, 0x0000000100000000)
  eden space 63488K, 0% used [0x00000000d5580000,0x00000000d5580000,0x00000000d9380000)
  from space 8192K, 0% used [0x00000000d9380000,0x00000000d9380000,0x00000000d9b80000)
  to   space 8192K, 0% used [0x00000000dc100000,0x00000000dc100000,0x00000000dc900000)
 ParOldGen       total 70656K, used 12947K [0x0000000080000000, 0x0000000084500000, 0x00000000d5580000)
  object space 70656K, 18% used [0x0000000080000000,0x0000000080ca4ec8,0x0000000084500000)
 Metaspace       used 20853K, capacity 21146K, committed 21248K, reserved 1069056K
  class space    used 2349K, capacity 2493K, committed 2560K, reserved 1048576K
}
Event: 6.425 GC heap before
{Heap before GC invocations=11 (full 1):
 PSYoungGen      total 71680K, used 63488K [0x00000000d5580000, 0x00000000dc900000, 0x0000000100000000)
  eden space 63488K, 100% used [0x00000000d5580000,0x00000000d9380000,0x00000000d9380000)
  from space 8192K, 0% used [0x00000000d9380000,0x00000000d9380000,0x00000000d9b80000)
  to   space 8192K, 0% used [0x00000000dc100000,0x00000000dc100000,0x00000000dc900000)
 ParOldGen       total 70656K, used 12947K [0x0000000080000000, 0x0000000084500000, 0x00000000d5580000)
  object space 70656K, 18% used [0x0000000080000000,0x0000000080ca4ec8,0x0000000084500000)
 Metaspace       used 23332K, capacity 23718K, committed 23936K, reserved 1071104K
  class space    used 2715K, capacity 2880K, committed 2944K, reserved 1048576K
Event: 6.429 GC heap after
Heap after GC invocations=11 (full 1):
 PSYoungGen      total 79872K, used 3645K [0x00000000d5580000, 0x00000000dc500000, 0x0000000100000000)
  eden space 75776K, 0% used [0x00000000d5580000,0x00000000d5580000,0x00000000d9f80000)
  from space 4096K, 89% used [0x00000000dc100000,0x00000000dc48f5f0,0x00000000dc500000)
  to   space 8192K, 0% used [0x00000000db500000,0x00000000db500000,0x00000000dbd00000)
 ParOldGen       total 70656K, used 12955K [0x0000000080000000, 0x0000000084500000, 0x00000000d5580000)
  object space 70656K, 18% used [0x0000000080000000,0x0000000080ca6ec8,0x0000000084500000)
 Metaspace       used 23332K, capacity 23718K, committed 23936K, reserved 1071104K
  class space    used 2715K, capacity 2880K, committed 2944K, reserved 1048576K
}
Event: 7.530 GC heap before
{Heap before GC invocations=12 (full 1):
 PSYoungGen      total 79872K, used 79421K [0x00000000d5580000, 0x00000000dc500000, 0x0000000100000000)
  eden space 75776K, 100% used [0x00000000d5580000,0x00000000d9f80000,0x00000000d9f80000)
  from space 4096K, 89% used [0x00000000dc100000,0x00000000dc48f5f0,0x00000000dc500000)
  to   space 8192K, 0% used [0x00000000db500000,0x00000000db500000,0x00000000dbd00000)
 ParOldGen       total 70656K, used 12955K [0x0000000080000000, 0x0000000084500000, 0x00000000d5580000)
  object space 70656K, 18% used [0x0000000080000000,0x0000000080ca6ec8,0x0000000084500000)
 Metaspace       used 27599K, capacity 28114K, committed 28160K, reserved 1073152K
  class space    used 3334K, capacity 3545K, committed 3584K, reserved 1048576K
Event: 7.537 GC heap after
Heap after GC invocations=12 (full 1):
 PSYoungGen      total 97280K, used 7408K [0x00000000d5580000, 0x00000000dc180000, 0x0000000100000000)
  eden space 89600K, 0% used [0x00000000d5580000,0x00000000d5580000,0x00000000dad00000)
  from space 7680K, 96% used [0x00000000db500000,0x00000000dbc3c3c0,0x00000000dbc80000)
  to   space 5120K, 0% used [0x00000000dbc80000,0x00000000dbc80000,0x00000000dc180000)
 ParOldGen       total 70656K, used 12963K [0x0000000080000000, 0x0000000084500000, 0x00000000d5580000)
  object space 70656K, 18% used [0x0000000080000000,0x0000000080ca8ec8,0x0000000084500000)
 Metaspace       used 27599K, capacity 28114K, committed 28160K, reserved 1073152K
  class space    used 3334K, capacity 3545K, committed 3584K, reserved 1048576K
}

