# JRE version: OpenJDK Runtime Environment (Zulu 8.52.0.23-CA-win64) (8.0_282-b08) (build 1.8.0_282-b08)
# Java VM: OpenJDK 64-Bit Server VM (25.282-b08 mixed mode windows-amd64 compressed oops)
Heap:
 PSYoungGen      total 67072K, used 60385K [0x00000000d5580000, 0x00000000da000000, 0x0000000100000000)
  eden space 60928K, 92% used [0x00000000d5580000,0x00000000d8cc91d8,0x00000000d9100000)
  from space 6144K, 61% used [0x00000000d9a00000,0x00000000d9daf608,0x00000000da000000)
  to   space 7680K, 0% used [0x00000000d9100000,0x00000000d9100000,0x00000000d9880000)
 ParOldGen       total 67584K, used 12725K [0x0000000080000000, 0x0000000084200000, 0x00000000d5580000)
  object space 67584K, 18% used [0x0000000080000000,0x0000000080c6d6f0,0x0000000084200000)
 Metaspace       used 29406K, capacity 30332K, committed 30592K, reserved 1075200K
  class space    used 3621K, capacity 3900K, committed 3968K, reserved 1048576K
GC Heap History (10 events):
Event: 5.115 GC heap before
{Heap before GC invocations=9 (full 0):
 PSYoungGen      total 38912K, used 34996K [0x00000000d5580000, 0x00000000d8400000, 0x0000000100000000)
  eden space 31232K, 100% used [0x00000000d5580000,0x00000000d7400000,0x00000000d7400000)
  from space 7680K, 49% used [0x00000000d7c00000,0x00000000d7fad350,0x00000000d8380000)
  to   space 8192K, 0% used [0x00000000d7400000,0x00000000d7400000,0x00000000d7c00000)
 ParOldGen       total 87552K, used 6081K [0x0000000080000000, 0x0000000085580000, 0x00000000d5580000)
  object space 87552K, 6% used [0x0000000080000000,0x00000000805f0708,0x0000000085580000)
 Metaspace       used 20368K, capacity 20708K, committed 20864K, reserved 1067008K
  class space    used 2262K, capacity 2407K, committed 2432K, reserved 1048576K
Event: 5.121 GC heap after
Heap after GC invocations=9 (full 0):
 PSYoungGen      total 39424K, used 5304K [0x00000000d5580000, 0x00000000d9580000, 0x0000000100000000)
  eden space 31232K, 0% used [0x00000000d5580000,0x00000000d5580000,0x00000000d7400000)
  from space 8192K, 64% used [0x00000000d7400000,0x00000000d792e090,0x00000000d7c00000)
  to   space 7680K, 0% used [0x00000000d8e00000,0x00000000d8e00000,0x00000000d9580000)
 ParOldGen       total 87552K, used 7813K [0x0000000080000000, 0x0000000085580000, 0x00000000d5580000)
  object space 87552K, 8% used [0x0000000080000000,0x00000000807a17e8,0x0000000085580000)
 Metaspace       used 20368K, capacity 20708K, committed 20864K, reserved 1067008K
  class space    used 2262K, capacity 2407K, committed 2432K, reserved 1048576K
}
Event: 5.410 GC heap before
{Heap before GC invocations=10 (full 0):
 PSYoungGen      total 39424K, used 30216K [0x00000000d5580000, 0x00000000d9580000, 0x0000000100000000)
  eden space 31232K, 79% used [0x00000000d5580000,0x00000000d6dd42e0,0x00000000d7400000)
  from space 8192K, 64% used [0x00000000d7400000,0x00000000d792e090,0x00000000d7c00000)
  to   space 7680K, 0% used [0x00000000d8e00000,0x00000000d8e00000,0x00000000d9580000)
 ParOldGen       total 87552K, used 7813K [0x0000000080000000, 0x0000000085580000, 0x00000000d5580000)
  object space 87552K, 8% used [0x0000000080000000,0x00000000807a17e8,0x0000000085580000)
 Metaspace       used 20852K, capacity 21146K, committed 21248K, reserved 1069056K
  class space    used 2340K, capacity 2493K, committed 2560K, reserved 1048576K
Event: 5.415 GC heap after
Heap after GC invocations=10 (full 0):
 PSYoungGen      total 57856K, used 4665K [0x00000000d5580000, 0x00000000d9580000, 0x0000000100000000)
  eden space 50176K, 0% used [0x00000000d5580000,0x00000000d5580000,0x00000000d8680000)
  from space 7680K, 60% used [0x00000000d8e00000,0x00000000d928e6b0,0x00000000d9580000)
  to   space 7680K, 0% used [0x00000000d8680000,0x00000000d8680000,0x00000000d8e00000)
 ParOldGen       total 87552K, used 9496K [0x0000000080000000, 0x0000000085580000, 0x00000000d5580000)
  object space 87552K, 10% used [0x0000000080000000,0x0000000080946058,0x0000000085580000)
 Metaspace       used 20852K, capacity 21146K, committed 21248K, reserved 1069056K
  class space    used 2340K, capacity 2493K, committed 2560K, reserved 1048576K
}
Event: 5.415 GC heap before
{Heap before GC invocations=11 (full 1):
 PSYoungGen      total 57856K, used 4665K [0x00000000d5580000, 0x00000000d9580000, 0x0000000100000000)
  eden space 50176K, 0% used [0x00000000d5580000,0x00000000d5580000,0x00000000d8680000)
  from space 7680K, 60% used [0x00000000d8e00000,0x00000000d928e6b0,0x00000000d9580000)
  to   space 7680K, 0% used [0x00000000d8680000,0x00000000d8680000,0x00000000d8e00000)
 ParOldGen       total 87552K, used 9496K [0x0000000080000000, 0x0000000085580000, 0x00000000d5580000)
  object space 87552K, 10% used [0x0000000080000000,0x0000000080946058,0x0000000085580000)
 Metaspace       used 20852K, capacity 21146K, committed 21248K, reserved 1069056K
  class space    used 2340K, capacity 2493K, committed 2560K, reserved 1048576K
Event: 5.498 GC heap after
Heap after GC invocations=11 (full 1):
 PSYoungGen      total 57856K, used 0K [0x00000000d5580000, 0x00000000d9580000, 0x0000000100000000)
  eden space 50176K, 0% used [0x00000000d5580000,0x00000000d5580000,0x00000000d8680000)
  from space 7680K, 0% used [0x00000000d8e00000,0x00000000d8e00000,0x00000000d9580000)
  to   space 7680K, 0% used [0x00000000d8680000,0x00000000d8680000,0x00000000d8e00000)
 ParOldGen       total 67584K, used 12709K [0x0000000080000000, 0x0000000084200000, 0x00000000d5580000)
  object space 67584K, 18% used [0x0000000080000000,0x0000000080c696f0,0x0000000084200000)
 Metaspace       used 20852K, capacity 21146K, committed 21248K, reserved 1069056K
  class space    used 2340K, capacity 2493K, committed 2560K, reserved 1048576K
}
Event: 6.334 GC heap before
{Heap before GC invocations=12 (full 1):
 PSYoungGen      total 57856K, used 50176K [0x00000000d5580000, 0x00000000d9580000, 0x0000000100000000)
  eden space 50176K, 100% used [0x00000000d5580000,0x00000000d8680000,0x00000000d8680000)
  from space 7680K, 0% used [0x00000000d8e00000,0x00000000d8e00000,0x00000000d9580000)
  to   space 7680K, 0% used [0x00000000d8680000,0x00000000d8680000,0x00000000d8e00000)
 ParOldGen       total 67584K, used 12709K [0x0000000080000000, 0x0000000084200000, 0x00000000d5580000)
  object space 67584K, 18% used [0x0000000080000000,0x0000000080c696f0,0x0000000084200000)
 Metaspace       used 22578K, capacity 22976K, committed 23040K, reserved 1069056K
  class space    used 2631K, capacity 2782K, committed 2816K, reserved 1048576K
Event: 6.336 GC heap after
Heap after GC invocations=12 (full 1):
 PSYoungGen      total 57856K, used 2228K [0x00000000d5580000, 0x00000000da180000, 0x0000000100000000)
  eden space 50176K, 0% used [0x00000000d5580000,0x00000000d5580000,0x00000000d8680000)
  from space 7680K, 29% used [0x00000000d8680000,0x00000000d88ad0f8,0x00000000d8e00000)
  to   space 7680K, 0% used [0x00000000d9a00000,0x00000000d9a00000,0x00000000da180000)
 ParOldGen       total 67584K, used 12717K [0x0000000080000000, 0x0000000084200000, 0x00000000d5580000)
  object space 67584K, 18% used [0x0000000080000000,0x0000000080c6b6f0,0x0000000084200000)
 Metaspace       used 22578K, capacity 22976K, committed 23040K, reserved 1069056K
  class space    used 2631K, capacity 2782K, committed 2816K, reserved 1048576K
}
Event: 8.446 GC heap before
{Heap before GC invocations=13 (full 1):
 PSYoungGen      total 57856K, used 52404K [0x00000000d5580000, 0x00000000da180000, 0x0000000100000000)
  eden space 50176K, 100% used [0x00000000d5580000,0x00000000d8680000,0x00000000d8680000)
  from space 7680K, 29% used [0x00000000d8680000,0x00000000d88ad0f8,0x00000000d8e00000)
  to   space 7680K, 0% used [0x00000000d9a00000,0x00000000d9a00000,0x00000000da180000)
 ParOldGen       total 67584K, used 12717K [0x0000000080000000, 0x0000000084200000, 0x00000000d5580000)
  object space 67584K, 18% used [0x0000000080000000,0x0000000080c6b6f0,0x0000000084200000)
 Metaspace       used 24798K, capacity 25164K, committed 25472K, reserved 1071104K
  class space    used 2963K, capacity 3105K, committed 3200K, reserved 1048576K
Event: 8.452 GC heap after
Heap after GC invocations=13 (full 1):
 PSYoungGen      total 67072K, used 3773K [0x00000000d5580000, 0x00000000da000000, 0x0000000100000000)
  eden space 60928K, 0% used [0x00000000d5580000,0x00000000d5580000,0x00000000d9100000)
  from space 6144K, 61% used [0x00000000d9a00000,0x00000000d9daf608,0x00000000da000000)
  to   space 7680K, 0% used [0x00000000d9100000,0x00000000d9100000,0x00000000d9880000)
 ParOldGen       total 67584K, used 12725K [0x0000000080000000, 0x0000000084200000, 0x00000000d5580000)
  object space 67584K, 18% used [0x0000000080000000,0x0000000080c6d6f0,0x0000000084200000)
 Metaspace       used 24798K, capacity 25164K, committed 25472K, reserved 1071104K
  class space    used 2963K, capacity 3105K, committed 3200K, reserved 1048576K
}

