# JRE version: OpenJDK Runtime Environment (Zulu 8.52.0.23-CA-win64) (8.0_282-b08) (build 1.8.0_282-b08)
# Java VM: OpenJDK 64-Bit Server VM (25.282-b08 mixed mode windows-amd64 compressed oops)
Heap:
 PSYoungGen      total 71680K, used 30114K [0x00000000d5580000, 0x00000000da700000, 0x0000000100000000)
  eden space 61952K, 32% used [0x00000000d5580000,0x00000000d6969590,0x00000000d9200000)
  from space 9728K, 99% used [0x00000000d9200000,0x00000000d9b7f4a8,0x00000000d9b80000)
  to   space 8192K, 0% used [0x00000000d9b80000,0x00000000d9b80000,0x00000000da380000)
 ParOldGen       total 62464K, used 13936K [0x0000000080000000, 0x0000000083d00000, 0x00000000d5580000)
  object space 62464K, 22% used [0x0000000080000000,0x0000000080d9c210,0x0000000083d00000)
 Metaspace       used 32783K, capacity 33690K, committed 33920K, reserved 1079296K
  class space    used 3974K, capacity 4219K, committed 4224K, reserved 1048576K
GC Heap History (10 events):
Event: 6.017 GC heap before
{Heap before GC invocations=12 (full 1):
 PSYoungGen      total 41984K, used 41927K [0x00000000d5580000, 0x00000000d9000000, 0x0000000100000000)
  eden space 39424K, 100% used [0x00000000d5580000,0x00000000d7c00000,0x00000000d7c00000)
  from space 2560K, 97% used [0x00000000d8d80000,0x00000000d8ff1ea0,0x00000000d9000000)
  to   space 8192K, 0% used [0x00000000d8000000,0x00000000d8000000,0x00000000d8800000)
 ParOldGen       total 62464K, used 9203K [0x0000000080000000, 0x0000000083d00000, 0x00000000d5580000)
  object space 62464K, 14% used [0x0000000080000000,0x00000000808fcc28,0x0000000083d00000)
 Metaspace       used 25254K, capacity 25672K, committed 25984K, reserved 1073152K
  class space    used 2890K, capacity 3073K, committed 3200K, reserved 1048576K
Event: 6.022 GC heap after
Heap after GC invocations=12 (full 1):
 PSYoungGen      total 51712K, used 4792K [0x00000000d5580000, 0x00000000d9600000, 0x0000000100000000)
  eden space 43520K, 0% used [0x00000000d5580000,0x00000000d5580000,0x00000000d8000000)
  from space 8192K, 58% used [0x00000000d8000000,0x00000000d84ae360,0x00000000d8800000)
  to   space 8192K, 0% used [0x00000000d8e00000,0x00000000d8e00000,0x00000000d9600000)
 ParOldGen       total 62464K, used 9211K [0x0000000080000000, 0x0000000083d00000, 0x00000000d5580000)
  object space 62464K, 14% used [0x0000000080000000,0x00000000808fec28,0x0000000083d00000)
 Metaspace       used 25254K, capacity 25672K, committed 25984K, reserved 1073152K
  class space    used 2890K, capacity 3073K, committed 3200K, reserved 1048576K
}
Event: 6.345 GC heap before
{Heap before GC invocations=13 (full 1):
 PSYoungGen      total 51712K, used 48312K [0x00000000d5580000, 0x00000000d9600000, 0x0000000100000000)
  eden space 43520K, 100% used [0x00000000d5580000,0x00000000d8000000,0x00000000d8000000)
  from space 8192K, 58% used [0x00000000d8000000,0x00000000d84ae360,0x00000000d8800000)
  to   space 8192K, 0% used [0x00000000d8e00000,0x00000000d8e00000,0x00000000d9600000)
 ParOldGen       total 62464K, used 9211K [0x0000000080000000, 0x0000000083d00000, 0x00000000d5580000)
  object space 62464K, 14% used [0x0000000080000000,0x00000000808fec28,0x0000000083d00000)
 Metaspace       used 25466K, capacity 25864K, committed 26240K, reserved 1073152K
  class space    used 2896K, capacity 3073K, committed 3200K, reserved 1048576K
Event: 6.348 GC heap after
Heap after GC invocations=13 (full 1):
 PSYoungGen      total 58368K, used 4066K [0x00000000d5580000, 0x00000000d9980000, 0x0000000100000000)
  eden space 50176K, 0% used [0x00000000d5580000,0x00000000d5580000,0x00000000d8680000)
  from space 8192K, 49% used [0x00000000d8e00000,0x00000000d91f8ab0,0x00000000d9600000)
  to   space 7680K, 0% used [0x00000000d8680000,0x00000000d8680000,0x00000000d8e00000)
 ParOldGen       total 62464K, used 9219K [0x0000000080000000, 0x0000000083d00000, 0x00000000d5580000)
  object space 62464K, 14% used [0x0000000080000000,0x0000000080900c28,0x0000000083d00000)
 Metaspace       used 25466K, capacity 25864K, committed 26240K, reserved 1073152K
  class space    used 2896K, capacity 3073K, committed 3200K, reserved 1048576K
}
Event: 6.707 GC heap before
{Heap before GC invocations=14 (full 1):
 PSYoungGen      total 58368K, used 54242K [0x00000000d5580000, 0x00000000d9980000, 0x0000000100000000)
  eden space 50176K, 100% used [0x00000000d5580000,0x00000000d8680000,0x00000000d8680000)
  from space 8192K, 49% used [0x00000000d8e00000,0x00000000d91f8ab0,0x00000000d9600000)
  to   space 7680K, 0% used [0x00000000d8680000,0x00000000d8680000,0x00000000d8e00000)
 ParOldGen       total 62464K, used 9219K [0x0000000080000000, 0x0000000083d00000, 0x00000000d5580000)
  object space 62464K, 14% used [0x0000000080000000,0x0000000080900c28,0x0000000083d00000)
 Metaspace       used 25694K, capacity 26134K, committed 26496K, reserved 1073152K
  class space    used 2912K, capacity 3075K, committed 3200K, reserved 1048576K
Event: 6.712 GC heap after
Heap after GC invocations=14 (full 1):
 PSYoungGen      total 57856K, used 6755K [0x00000000d5580000, 0x00000000da380000, 0x0000000100000000)
  eden space 50176K, 0% used [0x00000000d5580000,0x00000000d5580000,0x00000000d8680000)
  from space 7680K, 87% used [0x00000000d8680000,0x00000000d8d18e50,0x00000000d8e00000)
  to   space 8192K, 0% used [0x00000000d9b80000,0x00000000d9b80000,0x00000000da380000)
 ParOldGen       total 62464K, used 9219K [0x0000000080000000, 0x0000000083d00000, 0x00000000d5580000)
  object space 62464K, 14% used [0x0000000080000000,0x0000000080900c28,0x0000000083d00000)
 Metaspace       used 25694K, capacity 26134K, committed 26496K, reserved 1073152K
  class space    used 2912K, capacity 3075K, committed 3200K, reserved 1048576K
}
Event: 7.244 GC heap before
{Heap before GC invocations=15 (full 1):
 PSYoungGen      total 57856K, used 56931K [0x00000000d5580000, 0x00000000da380000, 0x0000000100000000)
  eden space 50176K, 100% used [0x00000000d5580000,0x00000000d8680000,0x00000000d8680000)
  from space 7680K, 87% used [0x00000000d8680000,0x00000000d8d18e50,0x00000000d8e00000)
  to   space 8192K, 0% used [0x00000000d9b80000,0x00000000d9b80000,0x00000000da380000)
 ParOldGen       total 62464K, used 9219K [0x0000000080000000, 0x0000000083d00000, 0x00000000d5580000)
  object space 62464K, 14% used [0x0000000080000000,0x0000000080900c28,0x0000000083d00000)
 Metaspace       used 27253K, capacity 27636K, committed 28032K, reserved 1073152K
  class space    used 3175K, capacity 3340K, committed 3456K, reserved 1048576K
Event: 7.251 GC heap after
Heap after GC invocations=15 (full 1):
 PSYoungGen      total 70144K, used 8179K [0x00000000d5580000, 0x00000000da700000, 0x0000000100000000)
  eden space 61952K, 0% used [0x00000000d5580000,0x00000000d5580000,0x00000000d9200000)
  from space 8192K, 99% used [0x00000000d9b80000,0x00000000da37ce40,0x00000000da380000)
  to   space 9728K, 0% used [0x00000000d9200000,0x00000000d9200000,0x00000000d9b80000)
 ParOldGen       total 62464K, used 10518K [0x0000000080000000, 0x0000000083d00000, 0x00000000d5580000)
  object space 62464K, 16% used [0x0000000080000000,0x0000000080a458c8,0x0000000083d00000)
 Metaspace       used 27253K, capacity 27636K, committed 28032K, reserved 1073152K
  class space    used 3175K, capacity 3340K, committed 3456K, reserved 1048576K
}
Event: 9.782 GC heap before
{Heap before GC invocations=16 (full 1):
 PSYoungGen      total 70144K, used 70131K [0x00000000d5580000, 0x00000000da700000, 0x0000000100000000)
  eden space 61952K, 100% used [0x00000000d5580000,0x00000000d9200000,0x00000000d9200000)
  from space 8192K, 99% used [0x00000000d9b80000,0x00000000da37ce40,0x00000000da380000)
  to   space 9728K, 0% used [0x00000000d9200000,0x00000000d9200000,0x00000000d9b80000)
 ParOldGen       total 62464K, used 10518K [0x0000000080000000, 0x0000000083d00000, 0x00000000d5580000)
  object space 62464K, 16% used [0x0000000080000000,0x0000000080a458c8,0x0000000083d00000)
 Metaspace       used 32708K, capacity 33554K, committed 33664K, reserved 1079296K
  class space    used 3964K, capacity 4215K, committed 4224K, reserved 1048576K
Event: 9.794 GC heap after
Heap after GC invocations=16 (full 1):
 PSYoungGen      total 71680K, used 9725K [0x00000000d5580000, 0x00000000da700000, 0x0000000100000000)
  eden space 61952K, 0% used [0x00000000d5580000,0x00000000d5580000,0x00000000d9200000)
  from space 9728K, 99% used [0x00000000d9200000,0x00000000d9b7f4a8,0x00000000d9b80000)
  to   space 8192K, 0% used [0x00000000d9b80000,0x00000000d9b80000,0x00000000da380000)
 ParOldGen       total 62464K, used 13936K [0x0000000080000000, 0x0000000083d00000, 0x00000000d5580000)
  object space 62464K, 22% used [0x0000000080000000,0x0000000080d9c210,0x0000000083d00000)
 Metaspace       used 32708K, capacity 33554K, committed 33664K, reserved 1079296K
  class space    used 3964K, capacity 4215K, committed 4224K, reserved 1048576K
}

