# JRE version: OpenJDK Runtime Environment (Zulu 8.52.0.23-CA-win64) (8.0_282-b08) (build 1.8.0_282-b08)
# Java VM: OpenJDK 64-Bit Server VM (25.282-b08 mixed mode windows-amd64 compressed oops)
Heap:
 PSYoungGen      total 73216K, used 14618K [0x00000000d5580000, 0x00000000db980000, 0x0000000100000000)
  eden space 63488K, 8% used [0x00000000d5580000,0x00000000d5aa5900,0x00000000d9380000)
  from space 9728K, 96% used [0x00000000d9380000,0x00000000d9ca11c8,0x00000000d9d00000)
  to   space 10752K, 0% used [0x00000000daf00000,0x00000000daf00000,0x00000000db980000)
 ParOldGen       total 61440K, used 14413K [0x0000000080000000, 0x0000000083c00000, 0x00000000d5580000)
  object space 61440K, 23% used [0x0000000080000000,0x0000000080e137b0,0x0000000083c00000)
 Metaspace       used 32780K, capacity 33694K, committed 33920K, reserved 1079296K
  class space    used 3967K, capacity 4218K, committed 4224K, reserved 1048576K
GC Heap History (10 events):
Event: 6.134 GC heap before
{Heap before GC invocations=12 (full 1):
 PSYoungGen      total 42496K, used 42375K [0x00000000d5580000, 0x00000000d9000000, 0x0000000100000000)
  eden space 39936K, 100% used [0x00000000d5580000,0x00000000d7c80000,0x00000000d7c80000)
  from space 2560K, 95% used [0x00000000d8d80000,0x00000000d8fe1dc0,0x00000000d9000000)
  to   space 8192K, 0% used [0x00000000d8000000,0x00000000d8000000,0x00000000d8800000)
 ParOldGen       total 61440K, used 9126K [0x0000000080000000, 0x0000000083c00000, 0x00000000d5580000)
  object space 61440K, 14% used [0x0000000080000000,0x00000000808e9970,0x0000000083c00000)
 Metaspace       used 25284K, capacity 25672K, committed 25984K, reserved 1073152K
  class space    used 2886K, capacity 3073K, committed 3200K, reserved 1048576K
Event: 6.141 GC heap after
Heap after GC invocations=12 (full 1):
 PSYoungGen      total 51712K, used 5021K [0x00000000d5580000, 0x00000000d9700000, 0x0000000100000000)
  eden space 43520K, 0% used [0x00000000d5580000,0x00000000d5580000,0x00000000d8000000)
  from space 8192K, 61% used [0x00000000d8000000,0x00000000d84e7790,0x00000000d8800000)
  to   space 8192K, 0% used [0x00000000d8f00000,0x00000000d8f00000,0x00000000d9700000)
 ParOldGen       total 61440K, used 9134K [0x0000000080000000, 0x0000000083c00000, 0x00000000d5580000)
  object space 61440K, 14% used [0x0000000080000000,0x00000000808eb970,0x0000000083c00000)
 Metaspace       used 25284K, capacity 25672K, committed 25984K, reserved 1073152K
  class space    used 2886K, capacity 3073K, committed 3200K, reserved 1048576K
}
Event: 6.520 GC heap before
{Heap before GC invocations=13 (full 1):
 PSYoungGen      total 51712K, used 48541K [0x00000000d5580000, 0x00000000d9700000, 0x0000000100000000)
  eden space 43520K, 100% used [0x00000000d5580000,0x00000000d8000000,0x00000000d8000000)
  from space 8192K, 61% used [0x00000000d8000000,0x00000000d84e7790,0x00000000d8800000)
  to   space 8192K, 0% used [0x00000000d8f00000,0x00000000d8f00000,0x00000000d9700000)
 ParOldGen       total 61440K, used 9134K [0x0000000080000000, 0x0000000083c00000, 0x00000000d5580000)
  object space 61440K, 14% used [0x0000000080000000,0x00000000808eb970,0x0000000083c00000)
 Metaspace       used 25499K, capacity 25864K, committed 26240K, reserved 1073152K
  class space    used 2892K, capacity 3073K, committed 3200K, reserved 1048576K
Event: 6.523 GC heap after
Heap after GC invocations=13 (full 1):
 PSYoungGen      total 59392K, used 4066K [0x00000000d5580000, 0x00000000d9a00000, 0x0000000100000000)
  eden space 51200K, 0% used [0x00000000d5580000,0x00000000d5580000,0x00000000d8780000)
  from space 8192K, 49% used [0x00000000d8f00000,0x00000000d92f8ab0,0x00000000d9700000)
  to   space 7680K, 0% used [0x00000000d8780000,0x00000000d8780000,0x00000000d8f00000)
 ParOldGen       total 61440K, used 9142K [0x0000000080000000, 0x0000000083c00000, 0x00000000d5580000)
  object space 61440K, 14% used [0x0000000080000000,0x00000000808ed970,0x0000000083c00000)
 Metaspace       used 25499K, capacity 25864K, committed 26240K, reserved 1073152K
  class space    used 2892K, capacity 3073K, committed 3200K, reserved 1048576K
}
Event: 6.882 GC heap before
{Heap before GC invocations=14 (full 1):
 PSYoungGen      total 59392K, used 55266K [0x00000000d5580000, 0x00000000d9a00000, 0x0000000100000000)
  eden space 51200K, 100% used [0x00000000d5580000,0x00000000d8780000,0x00000000d8780000)
  from space 8192K, 49% used [0x00000000d8f00000,0x00000000d92f8ab0,0x00000000d9700000)
  to   space 7680K, 0% used [0x00000000d8780000,0x00000000d8780000,0x00000000d8f00000)
 ParOldGen       total 61440K, used 9142K [0x0000000080000000, 0x0000000083c00000, 0x00000000d5580000)
  object space 61440K, 14% used [0x0000000080000000,0x00000000808ed970,0x0000000083c00000)
 Metaspace       used 25720K, capacity 26138K, committed 26496K, reserved 1073152K
  class space    used 2908K, capacity 3075K, committed 3200K, reserved 1048576K
Event: 6.887 GC heap after
Heap after GC invocations=14 (full 1):
 PSYoungGen      total 58880K, used 6899K [0x00000000d5580000, 0x00000000da500000, 0x0000000100000000)
  eden space 51200K, 0% used [0x00000000d5580000,0x00000000d5580000,0x00000000d8780000)
  from space 7680K, 89% used [0x00000000d8780000,0x00000000d8e3ce40,0x00000000d8f00000)
  to   space 8192K, 0% used [0x00000000d9d00000,0x00000000d9d00000,0x00000000da500000)
 ParOldGen       total 61440K, used 9142K [0x0000000080000000, 0x0000000083c00000, 0x00000000d5580000)
  object space 61440K, 14% used [0x0000000080000000,0x00000000808ed970,0x0000000083c00000)
 Metaspace       used 25720K, capacity 26138K, committed 26496K, reserved 1073152K
  class space    used 2908K, capacity 3075K, committed 3200K, reserved 1048576K
}
Event: 7.407 GC heap before
{Heap before GC invocations=15 (full 1):
 PSYoungGen      total 58880K, used 58099K [0x00000000d5580000, 0x00000000da500000, 0x0000000100000000)
  eden space 51200K, 100% used [0x00000000d5580000,0x00000000d8780000,0x00000000d8780000)
  from space 7680K, 89% used [0x00000000d8780000,0x00000000d8e3ce40,0x00000000d8f00000)
  to   space 8192K, 0% used [0x00000000d9d00000,0x00000000d9d00000,0x00000000da500000)
 ParOldGen       total 61440K, used 9142K [0x0000000080000000, 0x0000000083c00000, 0x00000000d5580000)
  object space 61440K, 14% used [0x0000000080000000,0x00000000808ed970,0x0000000083c00000)
 Metaspace       used 27287K, capacity 27704K, committed 28032K, reserved 1073152K
  class space    used 3172K, capacity 3340K, committed 3456K, reserved 1048576K
Event: 7.419 GC heap after
Heap after GC invocations=15 (full 1):
 PSYoungGen      total 71680K, used 8163K [0x00000000d5580000, 0x00000000daa00000, 0x0000000100000000)
  eden space 63488K, 0% used [0x00000000d5580000,0x00000000d5580000,0x00000000d9380000)
  from space 8192K, 99% used [0x00000000d9d00000,0x00000000da4f8e50,0x00000000da500000)
  to   space 9728K, 0% used [0x00000000d9380000,0x00000000d9380000,0x00000000d9d00000)
 ParOldGen       total 61440K, used 10563K [0x0000000080000000, 0x0000000083c00000, 0x00000000d5580000)
  object space 61440K, 17% used [0x0000000080000000,0x0000000080a50c60,0x0000000083c00000)
 Metaspace       used 27287K, capacity 27704K, committed 28032K, reserved 1073152K
  class space    used 3172K, capacity 3340K, committed 3456K, reserved 1048576K
}
Event: 126.035 GC heap before
{Heap before GC invocations=16 (full 1):
 PSYoungGen      total 71680K, used 71651K [0x00000000d5580000, 0x00000000daa00000, 0x0000000100000000)
  eden space 63488K, 100% used [0x00000000d5580000,0x00000000d9380000,0x00000000d9380000)
  from space 8192K, 99% used [0x00000000d9d00000,0x00000000da4f8e50,0x00000000da500000)
  to   space 9728K, 0% used [0x00000000d9380000,0x00000000d9380000,0x00000000d9d00000)
 ParOldGen       total 61440K, used 10563K [0x0000000080000000, 0x0000000083c00000, 0x00000000d5580000)
  object space 61440K, 17% used [0x0000000080000000,0x0000000080a50c60,0x0000000083c00000)
 Metaspace       used 32759K, capacity 33628K, committed 33664K, reserved 1079296K
  class space    used 3964K, capacity 4216K, committed 4224K, reserved 1048576K
Event: 126.045 GC heap after
Heap after GC invocations=16 (full 1):
 PSYoungGen      total 73216K, used 9348K [0x00000000d5580000, 0x00000000db980000, 0x0000000100000000)
  eden space 63488K, 0% used [0x00000000d5580000,0x00000000d5580000,0x00000000d9380000)
  from space 9728K, 96% used [0x00000000d9380000,0x00000000d9ca11c8,0x00000000d9d00000)
  to   space 10752K, 0% used [0x00000000daf00000,0x00000000daf00000,0x00000000db980000)
 ParOldGen       total 61440K, used 14413K [0x0000000080000000, 0x0000000083c00000, 0x00000000d5580000)
  object space 61440K, 23% used [0x0000000080000000,0x0000000080e137b0,0x0000000083c00000)
 Metaspace       used 32759K, capacity 33628K, committed 33664K, reserved 1079296K
  class space    used 3964K, capacity 4216K, committed 4224K, reserved 1048576K
}

